{"name": "Тест на невалидный пароль", "status": "broken", "statusDetails": {"message": "selenium.common.exceptions.TimeoutException: Message:", "trace": "self = <test_LoginPage.TestLoginPage object at 0x107905d90>\n\n    @allure.title(\"Тест на невалидный пароль\")\n    @allure.severity(\"Critical\")\n    def test_invalid_password(self):\n        self.login_page.click_on_receive_all_button()\n        self.login_page.click_on_signin_button()\n        self.login_page.enter_login(\"mari.tiuniaeva@gmail.com\")\n        self.login_page.click_on_next_button()\n>       self.login_page.enter_password(\"invalid_password\")\n\ntests/test_LoginPage.py:68: \n_ _ _ _ _ _ _ _ _ _ _ _ _ _ _ _ _ _ _ _ _ _ _ _ _ _ _ _ _ _ _ _ _ _ _ _ _ _ _ _ _ _ _ _ _ _ _ _ _ _ _ _ _ _ _ _ _ _ _ _ _ _ _ _ _ _ _ _ _ _ _ _ _ _ _ _ _ _ _ _ _ _ _ _ _ _ _ _ _ _ _ _ _ _ _ _ _ _ _\npages/LoginPage.py:31: in enter_password\n    self.enter_text_in(self.PASSWORD_FIELD, text, True)\npages/BasePage.py:13: in enter_text_in\n    self.wait.until(EC.element_to_be_clickable(locator))\n_ _ _ _ _ _ _ _ _ _ _ _ _ _ _ _ _ _ _ _ _ _ _ _ _ _ _ _ _ _ _ _ _ _ _ _ _ _ _ _ _ _ _ _ _ _ _ _ _ _ _ _ _ _ _ _ _ _ _ _ _ _ _ _ _ _ _ _ _ _ _ _ _ _ _ _ _ _ _ _ _ _ _ _ _ _ _ _ _ _ _ _ _ _ _ _ _ _ _\n\nself = <selenium.webdriver.support.wait.WebDriverWait (session=\"4e49ac79b15375d77d48c87bf67ae7d9\")>, method = <function element_to_be_clickable.<locals>._predicate at 0x107aa63a0>, message = ''\n\n    def until(self, method, message: str = \"\"):\n        \"\"\"Calls the method provided with the driver as an argument until the \\\n        return value does not evaluate to ``False``.\n    \n        :param method: callable(WebDriver)\n        :param message: optional message for :exc:`TimeoutException`\n        :returns: the result of the last call to `method`\n        :raises: :exc:`selenium.common.exceptions.TimeoutException` if timeout occurs\n        \"\"\"\n        screen = None\n        stacktrace = None\n    \n        end_time = time.monotonic() + self._timeout\n        while True:\n            try:\n                value = method(self._driver)\n                if value:\n                    return value\n            except self._ignored_exceptions as exc:\n                screen = getattr(exc, \"screen\", None)\n                stacktrace = getattr(exc, \"stacktrace\", None)\n            time.sleep(self._poll)\n            if time.monotonic() > end_time:\n                break\n>       raise TimeoutException(message, screen, stacktrace)\nE       selenium.common.exceptions.TimeoutException: Message:\n\nvenv/lib/python3.8/site-packages/selenium/webdriver/support/wait.py:95: TimeoutException"}, "steps": [{"name": "Нажать на кнопку Принять всё", "status": "passed", "start": 1675695148168, "stop": 1675695148303}, {"name": "Нажать на кнопку Войти", "status": "passed", "start": 1675695148303, "stop": 1675695149896}, {"name": "Ввести логин", "status": "passed", "attachments": [{"name": "Ввод логина", "source": "d103a950-058f-43ef-822f-70604c3421c9-attachment.png", "type": "image/png"}], "parameters": [{"name": "text", "value": "'mari.tiuniaeva@gmail.com'"}], "start": 1675695149896, "stop": 1675695151418}, {"name": "Нажать на кнопку Далее", "status": "passed", "start": 1675695151419, "stop": 1675695152226}, {"name": "Ввести пароль", "status": "broken", "statusDetails": {"message": "selenium.common.exceptions.TimeoutException: Message: \n\n", "trace": "  File \"/Users/marinatunaeva/Desktop/test_task/venv/lib/python3.8/site-packages/allure_commons/_allure.py\", line 192, in impl\n    return func(*a, **kw)\n  File \"/Users/marinatunaeva/Desktop/test_task/pages/LoginPage.py\", line 31, in enter_password\n    self.enter_text_in(self.PASSWORD_FIELD, text, True)\n  File \"/Users/marinatunaeva/Desktop/test_task/pages/BasePage.py\", line 13, in enter_text_in\n    self.wait.until(EC.element_to_be_clickable(locator))\n  File \"/Users/marinatunaeva/Desktop/test_task/venv/lib/python3.8/site-packages/selenium/webdriver/support/wait.py\", line 95, in until\n    raise TimeoutException(message, screen, stacktrace)\n"}, "parameters": [{"name": "text", "value": "'invalid_password'"}], "start": 1675695152226, "stop": 1675695162456}], "start": 1675695148166, "stop": 1675695162457, "uuid": "933d03a0-a71b-438f-b5ce-51470c906b9e", "historyId": "44867d446ea2c61feff4be74af868a67", "testCaseId": "cbce629757951b31ff2c8923f5997cb1", "fullName": "tests.test_LoginPage.TestLoginPage#test_invalid_password", "labels": [{"name": "severity", "value": "Critical"}, {"name": "parentSuite", "value": "Набор тестов для примера"}, {"name": "suite", "value": "test_LoginPage"}, {"name": "subSuite", "value": "TestLoginPage"}, {"name": "host", "value": "macbook-pro-marina.home"}, {"name": "thread", "value": "7862-MainThread"}, {"name": "framework", "value": "pytest"}, {"name": "language", "value": "cpython3"}, {"name": "package", "value": "tests.test_LoginPage"}]}