{"name": "Отправка формы с валидными данными - email и пароль", "status": "broken", "statusDetails": {"message": "selenium.common.exceptions.TimeoutException: Message: \nStacktrace:\n0   chromedriver                        0x000000010ddfefa8 chromedriver + 4886440\n1   chromedriver                        0x000000010dd7c643 chromedriver + 4351555\n2   chromedriver                        0x000000010d9cab27 chromedriver + 477991\n3   chromedriver                        0x000000010da0f76c chromedriver + 759660\n4   chromedriver                        0x000000010da0f9c1 chromedriver + 760257\n5   chromedriver                        0x000000010da53204 chromedriver + 1036804\n6   chromedriver                        0x000000010da355fd chromedriver + 914941\n7   chromedriver                        0x000000010da505fe chromedriver + 1025534\n8   chromedriver                        0x000000010da353a3 chromedriver + 914339\n9   chromedriver                        0x000000010d9ff57f chromedriver + 693631\n10  chromedriver                        0x000000010da00b1e chromedriver + 699166\n11  chromedriver                        0x000000010ddcbb9e chromedriver + 4676510\n12  chromedriver                        0x000000010ddd091e chromedriver + 4696350\n13  chromedriver                        0x000000010ddd819f chromedriver + 4727199\n14  chromedriver                        0x000000010ddd181a chromedriver + 4700186\n15  chromedriver                        0x000000010dda4a62 chromedriver + 4516450\n16  chromedriver                        0x000000010ddf08c8 chromedriver + 4827336\n17  chromedriver                        0x000000010ddf0a45 chromedriver + 4827717\n18  chromedriver                        0x000000010de067ef chromedriver + 4917231\n19  libsystem_pthread.dylib             0x00007fff206758fc _pthread_start + 224\n20  libsystem_pthread.dylib             0x00007fff20671443 thread_start + 15", "trace": "self = <test_LoginPage.TestLoginPage object at 0x1079059a0>\n\n    @allure.title(\"Отправка формы с валидными данными - email и пароль\")\n    @allure.severity(\"Critical\")\n    def test_valid_login_with_email(self):\n        self.login_page.click_on_receive_all_button()\n        self.login_page.click_on_signin_button()\n        self.login_page.enter_login(\"mari.tiuniaeva@gmail.com\")\n        self.login_page.click_on_next_button()\n>       self.login_page.enter_password(\"valid_password\")\n\ntests/test_LoginPage.py:37: \n_ _ _ _ _ _ _ _ _ _ _ _ _ _ _ _ _ _ _ _ _ _ _ _ _ _ _ _ _ _ _ _ _ _ _ _ _ _ _ _ _ _ _ _ _ _ _ _ _ _ _ _ _ _ _ _ _ _ _ _ _ _ _ _ _ _ _ _ _ _ _ _ _ _ _ _ _ _ _ _ _ _ _ _ _ _ _ _ _ _ _ _ _ _ _ _ _ _ _\npages/LoginPage.py:31: in enter_password\n    self.enter_text_in(self.PASSWORD_FIELD, text, True)\npages/BasePage.py:13: in enter_text_in\n    self.wait.until(EC.element_to_be_clickable(locator))\n_ _ _ _ _ _ _ _ _ _ _ _ _ _ _ _ _ _ _ _ _ _ _ _ _ _ _ _ _ _ _ _ _ _ _ _ _ _ _ _ _ _ _ _ _ _ _ _ _ _ _ _ _ _ _ _ _ _ _ _ _ _ _ _ _ _ _ _ _ _ _ _ _ _ _ _ _ _ _ _ _ _ _ _ _ _ _ _ _ _ _ _ _ _ _ _ _ _ _\n\nself = <selenium.webdriver.support.wait.WebDriverWait (session=\"e740f32d44bf0544af9e471f2e5a53bc\")>, method = <function element_to_be_clickable.<locals>._predicate at 0x10796ba60>, message = ''\n\n    def until(self, method, message: str = \"\"):\n        \"\"\"Calls the method provided with the driver as an argument until the \\\n        return value does not evaluate to ``False``.\n    \n        :param method: callable(WebDriver)\n        :param message: optional message for :exc:`TimeoutException`\n        :returns: the result of the last call to `method`\n        :raises: :exc:`selenium.common.exceptions.TimeoutException` if timeout occurs\n        \"\"\"\n        screen = None\n        stacktrace = None\n    \n        end_time = time.monotonic() + self._timeout\n        while True:\n            try:\n                value = method(self._driver)\n                if value:\n                    return value\n            except self._ignored_exceptions as exc:\n                screen = getattr(exc, \"screen\", None)\n                stacktrace = getattr(exc, \"stacktrace\", None)\n            time.sleep(self._poll)\n            if time.monotonic() > end_time:\n                break\n>       raise TimeoutException(message, screen, stacktrace)\nE       selenium.common.exceptions.TimeoutException: Message: \nE       Stacktrace:\nE       0   chromedriver                        0x000000010ddfefa8 chromedriver + 4886440\nE       1   chromedriver                        0x000000010dd7c643 chromedriver + 4351555\nE       2   chromedriver                        0x000000010d9cab27 chromedriver + 477991\nE       3   chromedriver                        0x000000010da0f76c chromedriver + 759660\nE       4   chromedriver                        0x000000010da0f9c1 chromedriver + 760257\nE       5   chromedriver                        0x000000010da53204 chromedriver + 1036804\nE       6   chromedriver                        0x000000010da355fd chromedriver + 914941\nE       7   chromedriver                        0x000000010da505fe chromedriver + 1025534\nE       8   chromedriver                        0x000000010da353a3 chromedriver + 914339\nE       9   chromedriver                        0x000000010d9ff57f chromedriver + 693631\nE       10  chromedriver                        0x000000010da00b1e chromedriver + 699166\nE       11  chromedriver                        0x000000010ddcbb9e chromedriver + 4676510\nE       12  chromedriver                        0x000000010ddd091e chromedriver + 4696350\nE       13  chromedriver                        0x000000010ddd819f chromedriver + 4727199\nE       14  chromedriver                        0x000000010ddd181a chromedriver + 4700186\nE       15  chromedriver                        0x000000010dda4a62 chromedriver + 4516450\nE       16  chromedriver                        0x000000010ddf08c8 chromedriver + 4827336\nE       17  chromedriver                        0x000000010ddf0a45 chromedriver + 4827717\nE       18  chromedriver                        0x000000010de067ef chromedriver + 4917231\nE       19  libsystem_pthread.dylib             0x00007fff206758fc _pthread_start + 224\nE       20  libsystem_pthread.dylib             0x00007fff20671443 thread_start + 15\n\nvenv/lib/python3.8/site-packages/selenium/webdriver/support/wait.py:95: TimeoutException"}, "steps": [{"name": "Нажать на кнопку Принять всё", "status": "passed", "start": 1675695083880, "stop": 1675695083964}, {"name": "Нажать на кнопку Войти", "status": "passed", "start": 1675695083964, "stop": 1675695085177}, {"name": "Ввести логин", "status": "passed", "attachments": [{"name": "Ввод логина", "source": "46c41fe7-f2f3-4294-b1f3-e0ac867df8c8-attachment.png", "type": "image/png"}], "parameters": [{"name": "text", "value": "'mari.tiuniaeva@gmail.com'"}], "start": 1675695085180, "stop": 1675695085890}, {"name": "Нажать на кнопку Далее", "status": "passed", "start": 1675695085890, "stop": 1675695086110}, {"name": "Ввести пароль", "status": "broken", "statusDetails": {"message": "selenium.common.exceptions.TimeoutException: Message: \nStacktrace:\n0   chromedriver                        0x000000010ddfefa8 chromedriver + 4886440\n1   chromedriver                        0x000000010dd7c643 chromedriver + 4351555\n2   chromedriver                        0x000000010d9cab27 chromedriver + 477991\n3   chromedriver                        0x000000010da0f76c chromedriver + 759660\n4   chromedriver                        0x000000010da0f9c1 chromedriver + 760257\n5   chromedriver                        0x000000010da53204 chromedriver + 1036804\n6   chromedriver                        0x000000010da355fd chromedriver + 914941\n7   chromedriver                        0x000000010da505fe chromedriver + 1025534\n8   chromedriver                        0x000000010da353a3 chromedriver + 914339\n9   chromedriver                        0x000000010d9ff57f chromedriver + 693631\n10  chromedriver                        0x000000010da00b1e chromedriver + 699166\n11  chromedriver                        0x000000010ddcbb9e chromedriver + 4676510\n12  chromedriver                        0x000000010ddd091e chromedriver + 4696350\n13  chromedriver                        0x000000010ddd819f chromedriver + 4727199\n14  chromedriver                        0x000000010ddd181a chromedriver + 4700186\n15  chromedriver                        0x000000010dda4a62 chromedriver + 4516450\n16  chromedriver                        0x000000010ddf08c8 chromedriver + 4827336\n17  chromedriver                        0x000000010ddf0a45 chromedriver + 4827717\n18  chromedriver                        0x000000010de067ef chromedriver + 4917231\n19  libsystem_pthread.dylib             0x00007fff206758fc _pthread_start + 224\n20  libsystem_pthread.dylib             0x00007fff20671443 thread_start + 15\n\n", "trace": "  File \"/Users/marinatunaeva/Desktop/test_task/venv/lib/python3.8/site-packages/allure_commons/_allure.py\", line 192, in impl\n    return func(*a, **kw)\n  File \"/Users/marinatunaeva/Desktop/test_task/pages/LoginPage.py\", line 31, in enter_password\n    self.enter_text_in(self.PASSWORD_FIELD, text, True)\n  File \"/Users/marinatunaeva/Desktop/test_task/pages/BasePage.py\", line 13, in enter_text_in\n    self.wait.until(EC.element_to_be_clickable(locator))\n  File \"/Users/marinatunaeva/Desktop/test_task/venv/lib/python3.8/site-packages/selenium/webdriver/support/wait.py\", line 95, in until\n    raise TimeoutException(message, screen, stacktrace)\n"}, "parameters": [{"name": "text", "value": "'valid_password'"}], "start": 1675695086111, "stop": 1675695096246}], "start": 1675695083880, "stop": 1675695096252, "uuid": "f483954e-67f4-47cb-9b9e-2c28d9106d07", "historyId": "66d1f02f13673f654a673aad7eac715c", "testCaseId": "5367d5b319176b5575d675600cc7caf7", "fullName": "tests.test_LoginPage.TestLoginPage#test_valid_login_with_email", "labels": [{"name": "severity", "value": "Critical"}, {"name": "parentSuite", "value": "Набор тестов для примера"}, {"name": "suite", "value": "test_LoginPage"}, {"name": "subSuite", "value": "TestLoginPage"}, {"name": "host", "value": "macbook-pro-marina.home"}, {"name": "thread", "value": "7862-MainThread"}, {"name": "framework", "value": "pytest"}, {"name": "language", "value": "cpython3"}, {"name": "package", "value": "tests.test_LoginPage"}]}