{"name": "Отправка формы с валидными данными - номер телефона и пароль", "status": "broken", "statusDetails": {"message": "selenium.common.exceptions.TimeoutException: Message:", "trace": "self = <test_LoginPage.TestLoginPage object at 0x107905520>\n\n    @allure.title(\"Отправка формы с валидными данными - номер телефона и пароль\")\n    @allure.severity(\"Critical\")\n    def test_valid_login_with_phone_number(self):\n        self.login_page.click_on_receive_all_button()\n        self.login_page.click_on_signin_button()\n        self.login_page.enter_login(\"89202982286\")\n        self.login_page.click_on_next_button()\n>       self.login_page.enter_password(\"valid_password\")\n\ntests/test_LoginPage.py:48: \n_ _ _ _ _ _ _ _ _ _ _ _ _ _ _ _ _ _ _ _ _ _ _ _ _ _ _ _ _ _ _ _ _ _ _ _ _ _ _ _ _ _ _ _ _ _ _ _ _ _ _ _ _ _ _ _ _ _ _ _ _ _ _ _ _ _ _ _ _ _ _ _ _ _ _ _ _ _ _ _ _ _ _ _ _ _ _ _ _ _ _ _ _ _ _ _ _ _ _\npages/LoginPage.py:31: in enter_password\n    self.enter_text_in(self.PASSWORD_FIELD, text, True)\npages/BasePage.py:13: in enter_text_in\n    self.wait.until(EC.element_to_be_clickable(locator))\n_ _ _ _ _ _ _ _ _ _ _ _ _ _ _ _ _ _ _ _ _ _ _ _ _ _ _ _ _ _ _ _ _ _ _ _ _ _ _ _ _ _ _ _ _ _ _ _ _ _ _ _ _ _ _ _ _ _ _ _ _ _ _ _ _ _ _ _ _ _ _ _ _ _ _ _ _ _ _ _ _ _ _ _ _ _ _ _ _ _ _ _ _ _ _ _ _ _ _\n\nself = <selenium.webdriver.support.wait.WebDriverWait (session=\"33acd893403024944100c9d0738af228\")>, method = <function element_to_be_clickable.<locals>._predicate at 0x10796b9d0>, message = ''\n\n    def until(self, method, message: str = \"\"):\n        \"\"\"Calls the method provided with the driver as an argument until the \\\n        return value does not evaluate to ``False``.\n    \n        :param method: callable(WebDriver)\n        :param message: optional message for :exc:`TimeoutException`\n        :returns: the result of the last call to `method`\n        :raises: :exc:`selenium.common.exceptions.TimeoutException` if timeout occurs\n        \"\"\"\n        screen = None\n        stacktrace = None\n    \n        end_time = time.monotonic() + self._timeout\n        while True:\n            try:\n                value = method(self._driver)\n                if value:\n                    return value\n            except self._ignored_exceptions as exc:\n                screen = getattr(exc, \"screen\", None)\n                stacktrace = getattr(exc, \"stacktrace\", None)\n            time.sleep(self._poll)\n            if time.monotonic() > end_time:\n                break\n>       raise TimeoutException(message, screen, stacktrace)\nE       selenium.common.exceptions.TimeoutException: Message:\n\nvenv/lib/python3.8/site-packages/selenium/webdriver/support/wait.py:95: TimeoutException"}, "steps": [{"name": "Нажать на кнопку Принять всё", "status": "passed", "start": 1675695100051, "stop": 1675695100129}, {"name": "Нажать на кнопку Войти", "status": "passed", "start": 1675695100129, "stop": 1675695101325}, {"name": "Ввести логин", "status": "passed", "attachments": [{"name": "Ввод логина", "source": "672d4423-ea79-447b-85bb-db81d78be928-attachment.png", "type": "image/png"}], "parameters": [{"name": "text", "value": "'89202982286'"}], "start": 1675695101325, "stop": 1675695101990}, {"name": "Нажать на кнопку Далее", "status": "passed", "start": 1675695101991, "stop": 1675695102213}, {"name": "Ввести пароль", "status": "broken", "statusDetails": {"message": "selenium.common.exceptions.TimeoutException: Message: \n\n", "trace": "  File \"/Users/marinatunaeva/Desktop/test_task/venv/lib/python3.8/site-packages/allure_commons/_allure.py\", line 192, in impl\n    return func(*a, **kw)\n  File \"/Users/marinatunaeva/Desktop/test_task/pages/LoginPage.py\", line 31, in enter_password\n    self.enter_text_in(self.PASSWORD_FIELD, text, True)\n  File \"/Users/marinatunaeva/Desktop/test_task/pages/BasePage.py\", line 13, in enter_text_in\n    self.wait.until(EC.element_to_be_clickable(locator))\n  File \"/Users/marinatunaeva/Desktop/test_task/venv/lib/python3.8/site-packages/selenium/webdriver/support/wait.py\", line 95, in until\n    raise TimeoutException(message, screen, stacktrace)\n"}, "parameters": [{"name": "text", "value": "'valid_password'"}], "start": 1675695102213, "stop": 1675695112435}], "start": 1675695100050, "stop": 1675695112436, "uuid": "f283cc5d-ffb6-446c-b719-237702318e5e", "historyId": "ca7f92235c92c54294bd2c9a325fe56e", "testCaseId": "ae74cee5626973c4b52c89056ac39d6e", "fullName": "tests.test_LoginPage.TestLoginPage#test_valid_login_with_phone_number", "labels": [{"name": "severity", "value": "Critical"}, {"name": "parentSuite", "value": "Набор тестов для примера"}, {"name": "suite", "value": "test_LoginPage"}, {"name": "subSuite", "value": "TestLoginPage"}, {"name": "host", "value": "macbook-pro-marina.home"}, {"name": "thread", "value": "7862-MainThread"}, {"name": "framework", "value": "pytest"}, {"name": "language", "value": "cpython3"}, {"name": "package", "value": "tests.test_LoginPage"}]}