{"name": "Проверка формы без заполнения пароля", "status": "broken", "statusDetails": {"message": "selenium.common.exceptions.StaleElementReferenceException: Message: stale element reference: element is not attached to the page document\n  (Session info: chrome=109.0.5414.119)\nStacktrace:\n0   chromedriver                        0x000000010e3d4fa8 chromedriver + 4886440\n1   chromedriver                        0x000000010e352643 chromedriver + 4351555\n2   chromedriver                        0x000000010dfa0b27 chromedriver + 477991\n3   chromedriver                        0x000000010dfa4f78 chromedriver + 495480\n4   chromedriver                        0x000000010dfa4c46 chromedriver + 494662\n5   chromedriver                        0x000000010dfa504c chromedriver + 495692\n6   chromedriver                        0x000000010dfee7e4 chromedriver + 796644\n7   chromedriver                        0x000000010dfebe7c chromedriver + 786044\n8   chromedriver                        0x000000010dfe8a94 chromedriver + 772756\n9   chromedriver                        0x000000010dfe75ab chromedriver + 767403\n10  chromedriver                        0x000000010dfd7d73 chromedriver + 703859\n11  chromedriver                        0x000000010e00b5d2 chromedriver + 914898\n12  chromedriver                        0x000000010dfd73dd chromedriver + 701405\n13  chromedriver                        0x000000010e00b78e chromedriver + 915342\n14  chromedriver                        0x000000010e0265fe chromedriver + 1025534\n15  chromedriver                        0x000000010e00b3a3 chromedriver + 914339\n16  chromedriver                        0x000000010dfd557f chromedriver + 693631\n17  chromedriver                        0x000000010dfd6b1e chromedriver + 699166\n18  chromedriver                        0x000000010e3a1b9e chromedriver + 4676510\n19  chromedriver                        0x000000010e3a691e chromedriver + 4696350\n20  chromedriver                        0x000000010e3ae19f chromedriver + 4727199\n21  chromedriver                        0x000000010e3a781a chromedriver + 4700186\n22  chromedriver                        0x000000010e37aa62 chromedriver + 4516450\n23  chromedriver                        0x000000010e3c68c8 chromedriver + 4827336\n24  chromedriver                        0x000000010e3c6a45 chromedriver + 4827717\n25  chromedriver                        0x000000010e3dc7ef chromedriver + 4917231\n26  libsystem_pthread.dylib             0x00007fff206758fc _pthread_start + 224\n27  libsystem_pthread.dylib             0x00007fff20671443 thread_start + 15", "trace": "self = <test_LoginPage.TestLoginPage object at 0x1079057f0>\n\n    @allure.title(\"Проверка формы без заполнения пароля\")\n    @allure.severity(\"Critical\")\n    def test_check_form_without_password(self):\n        self.login_page.click_on_receive_all_button()\n        self.login_page.click_on_signin_button()\n        self.login_page.enter_login(\"mari.tiuniaeva@gmail.com\")\n        self.login_page.click_on_next_button()\n>       self.login_page.click_on_next_button()\n\ntests/test_LoginPage.py:27: \n_ _ _ _ _ _ _ _ _ _ _ _ _ _ _ _ _ _ _ _ _ _ _ _ _ _ _ _ _ _ _ _ _ _ _ _ _ _ _ _ _ _ _ _ _ _ _ _ _ _ _ _ _ _ _ _ _ _ _ _ _ _ _ _ _ _ _ _ _ _ _ _ _ _ _ _ _ _ _ _ _ _ _ _ _ _ _ _ _ _ _ _ _ _ _ _ _ _ _\npages/LoginPage.py:36: in click_on_next_button\n    self.click_on(self.NEXT_BUTTON)\npages/BasePage.py:20: in click_on\n    self.driver.find_element(*locator).click()\nvenv/lib/python3.8/site-packages/selenium/webdriver/remote/webelement.py:93: in click\n    self._execute(Command.CLICK_ELEMENT)\nvenv/lib/python3.8/site-packages/selenium/webdriver/remote/webelement.py:410: in _execute\n    return self._parent.execute(command, params)\nvenv/lib/python3.8/site-packages/selenium/webdriver/remote/webdriver.py:444: in execute\n    self.error_handler.check_response(response)\n_ _ _ _ _ _ _ _ _ _ _ _ _ _ _ _ _ _ _ _ _ _ _ _ _ _ _ _ _ _ _ _ _ _ _ _ _ _ _ _ _ _ _ _ _ _ _ _ _ _ _ _ _ _ _ _ _ _ _ _ _ _ _ _ _ _ _ _ _ _ _ _ _ _ _ _ _ _ _ _ _ _ _ _ _ _ _ _ _ _ _ _ _ _ _ _ _ _ _\n\nself = <selenium.webdriver.remote.errorhandler.ErrorHandler object at 0x107905f10>\nresponse = {'status': 404, 'value': '{\"value\":{\"error\":\"stale element reference\",\"message\":\"stale element reference: element is n...fff206758fc _pthread_start + 224\\\\n27  libsystem_pthread.dylib             0x00007fff20671443 thread_start + 15\\\\n\"}}'}\n\n    def check_response(self, response: Dict[str, Any]) -> None:\n        \"\"\"\n        Checks that a JSON response from the WebDriver does not have an error.\n    \n        :Args:\n         - response - The JSON response from the WebDriver server as a dictionary\n           object.\n    \n        :Raises: If the response contains an error message.\n        \"\"\"\n        status = response.get(\"status\", None)\n        if not status or status == ErrorCode.SUCCESS:\n            return\n        value = None\n        message = response.get(\"message\", \"\")\n        screen: str = response.get(\"screen\", \"\")\n        stacktrace = None\n        if isinstance(status, int):\n            value_json = response.get(\"value\", None)\n            if value_json and isinstance(value_json, str):\n                import json\n    \n                try:\n                    value = json.loads(value_json)\n                    if len(value.keys()) == 1:\n                        value = value[\"value\"]\n                    status = value.get(\"error\", None)\n                    if not status:\n                        status = value.get(\"status\", ErrorCode.UNKNOWN_ERROR)\n                        message = value.get(\"value\") or value.get(\"message\")\n                        if not isinstance(message, str):\n                            value = message\n                            message = message.get(\"message\")\n                    else:\n                        message = value.get(\"message\", None)\n                except ValueError:\n                    pass\n    \n        exception_class: Type[WebDriverException]\n        if status in ErrorCode.NO_SUCH_ELEMENT:\n            exception_class = NoSuchElementException\n        elif status in ErrorCode.NO_SUCH_FRAME:\n            exception_class = NoSuchFrameException\n        elif status in ErrorCode.NO_SUCH_SHADOW_ROOT:\n            exception_class = NoSuchShadowRootException\n        elif status in ErrorCode.NO_SUCH_WINDOW:\n            exception_class = NoSuchWindowException\n        elif status in ErrorCode.STALE_ELEMENT_REFERENCE:\n            exception_class = StaleElementReferenceException\n        elif status in ErrorCode.ELEMENT_NOT_VISIBLE:\n            exception_class = ElementNotVisibleException\n        elif status in ErrorCode.INVALID_ELEMENT_STATE:\n            exception_class = InvalidElementStateException\n        elif (\n            status in ErrorCode.INVALID_SELECTOR\n            or status in ErrorCode.INVALID_XPATH_SELECTOR\n            or status in ErrorCode.INVALID_XPATH_SELECTOR_RETURN_TYPER\n        ):\n            exception_class = InvalidSelectorException\n        elif status in ErrorCode.ELEMENT_IS_NOT_SELECTABLE:\n            exception_class = ElementNotSelectableException\n        elif status in ErrorCode.ELEMENT_NOT_INTERACTABLE:\n            exception_class = ElementNotInteractableException\n        elif status in ErrorCode.INVALID_COOKIE_DOMAIN:\n            exception_class = InvalidCookieDomainException\n        elif status in ErrorCode.UNABLE_TO_SET_COOKIE:\n            exception_class = UnableToSetCookieException\n        elif status in ErrorCode.TIMEOUT:\n            exception_class = TimeoutException\n        elif status in ErrorCode.SCRIPT_TIMEOUT:\n            exception_class = TimeoutException\n        elif status in ErrorCode.UNKNOWN_ERROR:\n            exception_class = WebDriverException\n        elif status in ErrorCode.UNEXPECTED_ALERT_OPEN:\n            exception_class = UnexpectedAlertPresentException\n        elif status in ErrorCode.NO_ALERT_OPEN:\n            exception_class = NoAlertPresentException\n        elif status in ErrorCode.IME_NOT_AVAILABLE:\n            exception_class = ImeNotAvailableException\n        elif status in ErrorCode.IME_ENGINE_ACTIVATION_FAILED:\n            exception_class = ImeActivationFailedException\n        elif status in ErrorCode.MOVE_TARGET_OUT_OF_BOUNDS:\n            exception_class = MoveTargetOutOfBoundsException\n        elif status in ErrorCode.JAVASCRIPT_ERROR:\n            exception_class = JavascriptException\n        elif status in ErrorCode.SESSION_NOT_CREATED:\n            exception_class = SessionNotCreatedException\n        elif status in ErrorCode.INVALID_ARGUMENT:\n            exception_class = InvalidArgumentException\n        elif status in ErrorCode.NO_SUCH_COOKIE:\n            exception_class = NoSuchCookieException\n        elif status in ErrorCode.UNABLE_TO_CAPTURE_SCREEN:\n            exception_class = ScreenshotException\n        elif status in ErrorCode.ELEMENT_CLICK_INTERCEPTED:\n            exception_class = ElementClickInterceptedException\n        elif status in ErrorCode.INSECURE_CERTIFICATE:\n            exception_class = InsecureCertificateException\n        elif status in ErrorCode.INVALID_COORDINATES:\n            exception_class = InvalidCoordinatesException\n        elif status in ErrorCode.INVALID_SESSION_ID:\n            exception_class = InvalidSessionIdException\n        elif status in ErrorCode.UNKNOWN_METHOD:\n            exception_class = UnknownMethodException\n        else:\n            exception_class = WebDriverException\n        if not value:\n            value = response[\"value\"]\n        if isinstance(value, str):\n            raise exception_class(value)\n        if message == \"\" and \"message\" in value:\n            message = value[\"message\"]\n    \n        screen = None  # type: ignore[assignment]\n        if \"screen\" in value:\n            screen = value[\"screen\"]\n    \n        stacktrace = None\n        st_value = value.get(\"stackTrace\") or value.get(\"stacktrace\")\n        if st_value:\n            if isinstance(st_value, str):\n                stacktrace = st_value.split(\"\\n\")\n            else:\n                stacktrace = []\n                try:\n                    for frame in st_value:\n                        line = frame.get(\"lineNumber\", \"\")\n                        file = frame.get(\"fileName\", \"<anonymous>\")\n                        if line:\n                            file = f\"{file}:{line}\"\n                        meth = frame.get(\"methodName\", \"<anonymous>\")\n                        if \"className\" in frame:\n                            meth = \"{}.{}\".format(frame[\"className\"], meth)\n                        msg = \"    at %s (%s)\"\n                        msg = msg % (meth, file)\n                        stacktrace.append(msg)\n                except TypeError:\n                    pass\n        if exception_class == UnexpectedAlertPresentException:\n            alert_text = None\n            if \"data\" in value:\n                alert_text = value[\"data\"].get(\"text\")\n            elif \"alert\" in value:\n                alert_text = value[\"alert\"].get(\"text\")\n            raise exception_class(message, screen, stacktrace, alert_text)  # type: ignore[call-arg]  # mypy is not smart enough here\n>       raise exception_class(message, screen, stacktrace)\nE       selenium.common.exceptions.StaleElementReferenceException: Message: stale element reference: element is not attached to the page document\nE         (Session info: chrome=109.0.5414.119)\nE       Stacktrace:\nE       0   chromedriver                        0x000000010e3d4fa8 chromedriver + 4886440\nE       1   chromedriver                        0x000000010e352643 chromedriver + 4351555\nE       2   chromedriver                        0x000000010dfa0b27 chromedriver + 477991\nE       3   chromedriver                        0x000000010dfa4f78 chromedriver + 495480\nE       4   chromedriver                        0x000000010dfa4c46 chromedriver + 494662\nE       5   chromedriver                        0x000000010dfa504c chromedriver + 495692\nE       6   chromedriver                        0x000000010dfee7e4 chromedriver + 796644\nE       7   chromedriver                        0x000000010dfebe7c chromedriver + 786044\nE       8   chromedriver                        0x000000010dfe8a94 chromedriver + 772756\nE       9   chromedriver                        0x000000010dfe75ab chromedriver + 767403\nE       10  chromedriver                        0x000000010dfd7d73 chromedriver + 703859\nE       11  chromedriver                        0x000000010e00b5d2 chromedriver + 914898\nE       12  chromedriver                        0x000000010dfd73dd chromedriver + 701405\nE       13  chromedriver                        0x000000010e00b78e chromedriver + 915342\nE       14  chromedriver                        0x000000010e0265fe chromedriver + 1025534\nE       15  chromedriver                        0x000000010e00b3a3 chromedriver + 914339\nE       16  chromedriver                        0x000000010dfd557f chromedriver + 693631\nE       17  chromedriver                        0x000000010dfd6b1e chromedriver + 699166\nE       18  chromedriver                        0x000000010e3a1b9e chromedriver + 4676510\nE       19  chromedriver                        0x000000010e3a691e chromedriver + 4696350\nE       20  chromedriver                        0x000000010e3ae19f chromedriver + 4727199\nE       21  chromedriver                        0x000000010e3a781a chromedriver + 4700186\nE       22  chromedriver                        0x000000010e37aa62 chromedriver + 4516450\nE       23  chromedriver                        0x000000010e3c68c8 chromedriver + 4827336\nE       24  chromedriver                        0x000000010e3c6a45 chromedriver + 4827717\nE       25  chromedriver                        0x000000010e3dc7ef chromedriver + 4917231\nE       26  libsystem_pthread.dylib             0x00007fff206758fc _pthread_start + 224\nE       27  libsystem_pthread.dylib             0x00007fff20671443 thread_start + 15\n\nvenv/lib/python3.8/site-packages/selenium/webdriver/remote/errorhandler.py:249: StaleElementReferenceException"}, "steps": [{"name": "Нажать на кнопку Принять всё", "status": "passed", "start": 1675695077315, "stop": 1675695077402}, {"name": "Нажать на кнопку Войти", "status": "passed", "start": 1675695077402, "stop": 1675695078128}, {"name": "Ввести логин", "status": "passed", "attachments": [{"name": "Ввод логина", "source": "6e5a3d3d-e4fa-4e22-aff2-23331fe31792-attachment.png", "type": "image/png"}], "parameters": [{"name": "text", "value": "'mari.tiuniaeva@gmail.com'"}], "start": 1675695078129, "stop": 1675695079131}, {"name": "Нажать на кнопку Далее", "status": "passed", "start": 1675695079131, "stop": 1675695079387}, {"name": "Нажать на кнопку Далее", "status": "broken", "statusDetails": {"message": "selenium.common.exceptions.StaleElementReferenceException: Message: stale element reference: element is not attached to the page document\n  (Session info: chrome=109.0.5414.119)\nStacktrace:\n0   chromedriver                        0x000000010e3d4fa8 chromedriver + 4886440\n1   chromedriver                        0x000000010e352643 chromedriver + 4351555\n2   chromedriver                        0x000000010dfa0b27 chromedriver + 477991\n3   chromedriver                        0x000000010dfa4f78 chromedriver + 495480\n4   chromedriver                        0x000000010dfa4c46 chromedriver + 494662\n5   chromedriver                        0x000000010dfa504c chromedriver + 495692\n6   chromedriver                        0x000000010dfee7e4 chromedriver + 796644\n7   chromedriver                        0x000000010dfebe7c chromedriver + 786044\n8   chromedriver                        0x000000010dfe8a94 chromedriver + 772756\n9   chromedriver                        0x000000010dfe75ab chromedriver + 767403\n10  chromedriver                        0x000000010dfd7d73 chromedriver + 703859\n11  chromedriver                        0x000000010e00b5d2 chromedriver + 914898\n12  chromedriver                        0x000000010dfd73dd chromedriver + 701405\n13  chromedriver                        0x000000010e00b78e chromedriver + 915342\n14  chromedriver                        0x000000010e0265fe chromedriver + 1025534\n15  chromedriver                        0x000000010e00b3a3 chromedriver + 914339\n16  chromedriver                        0x000000010dfd557f chromedriver + 693631\n17  chromedriver                        0x000000010dfd6b1e chromedriver + 699166\n18  chromedriver                        0x000000010e3a1b9e chromedriver + 4676510\n19  chromedriver                        0x000000010e3a691e chromedriver + 4696350\n20  chromedriver                        0x000000010e3ae19f chromedriver + 4727199\n21  chromedriver                        0x000000010e3a781a chromedriver + 4700186\n22  chromedriver                        0x000000010e37aa62 chromedriver + 4516450\n23  chromedriver                        0x000000010e3c68c8 chromedriver + 4827336\n24  chromedriver                        0x000000010e3c6a45 chromedriver + 4827717\n25  chromedriver                        0x000000010e3dc7ef chromedriver + 4917231\n26  libsystem_pthread.dylib             0x00007fff206758fc _pthread_start + 224\n27  libsystem_pthread.dylib             0x00007fff20671443 thread_start + 15\n\n", "trace": "  File \"/Users/marinatunaeva/Desktop/test_task/venv/lib/python3.8/site-packages/allure_commons/_allure.py\", line 192, in impl\n    return func(*a, **kw)\n  File \"/Users/marinatunaeva/Desktop/test_task/pages/LoginPage.py\", line 36, in click_on_next_button\n    self.click_on(self.NEXT_BUTTON)\n  File \"/Users/marinatunaeva/Desktop/test_task/pages/BasePage.py\", line 20, in click_on\n    self.driver.find_element(*locator).click()\n  File \"/Users/marinatunaeva/Desktop/test_task/venv/lib/python3.8/site-packages/selenium/webdriver/remote/webelement.py\", line 93, in click\n    self._execute(Command.CLICK_ELEMENT)\n  File \"/Users/marinatunaeva/Desktop/test_task/venv/lib/python3.8/site-packages/selenium/webdriver/remote/webelement.py\", line 410, in _execute\n    return self._parent.execute(command, params)\n  File \"/Users/marinatunaeva/Desktop/test_task/venv/lib/python3.8/site-packages/selenium/webdriver/remote/webdriver.py\", line 444, in execute\n    self.error_handler.check_response(response)\n  File \"/Users/marinatunaeva/Desktop/test_task/venv/lib/python3.8/site-packages/selenium/webdriver/remote/errorhandler.py\", line 249, in check_response\n    raise exception_class(message, screen, stacktrace)\n"}, "start": 1675695079387, "stop": 1675695080013}], "start": 1675695077314, "stop": 1675695080033, "uuid": "1f5849b4-a242-456a-922d-e12f45a1ea82", "historyId": "10c3b87a32bcca92bcd10c3009dd2abd", "testCaseId": "5cea092400d3842e956e453d6ca270a1", "fullName": "tests.test_LoginPage.TestLoginPage#test_check_form_without_password", "labels": [{"name": "severity", "value": "Critical"}, {"name": "parentSuite", "value": "Набор тестов для примера"}, {"name": "suite", "value": "test_LoginPage"}, {"name": "subSuite", "value": "TestLoginPage"}, {"name": "host", "value": "macbook-pro-marina.home"}, {"name": "thread", "value": "7862-MainThread"}, {"name": "framework", "value": "pytest"}, {"name": "language", "value": "cpython3"}, {"name": "package", "value": "tests.test_LoginPage"}]}